<?xml version="1.0" encoding="UTF-8"?>
<!-- Generated by org.testng.reporters.JUnitXMLReporter -->
<testsuite hostname="DESKTOP-2518TT9" ignored="0" name="Test" tests="3" failures="0" timestamp="2020-05-20T12:58:23 BST" time="23.466" errors="0">
  <testcase name="@BeforeTest initialize" time="11.572" classname="Academy.ValidateNavBar">
    <failure type="org.openqa.selenium.NoAlertPresentException" message="no such alert
  (Session info: chrome=81.0.4044.138)
Build info: version: &amp;apos;3.141.59&amp;apos;, revision: &amp;apos;e82be7d358&amp;apos;, time: &amp;apos;2018-11-14T08:17:03&amp;apos;
System info: host: &amp;apos;DESKTOP-2518TT9&amp;apos;, ip: &amp;apos;192.168.0.55&amp;apos;, os.name: &amp;apos;Windows 10&amp;apos;, os.arch: &amp;apos;amd64&amp;apos;, os.version: &amp;apos;10.0&amp;apos;, java.version: &amp;apos;1.8.0_241&amp;apos;
Driver info: org.openqa.selenium.chrome.ChromeDriver
Capabilities {acceptInsecureCerts: false, browserName: chrome, browserVersion: 81.0.4044.138, chrome: {chromedriverVersion: 80.0.3987.16 (320f6526c1632..., userDataDir: C:\Users\perei\AppData\Loca...}, goog:chromeOptions: {debuggerAddress: localhost:58705}, javascriptEnabled: true, networkConnectionEnabled: false, pageLoadStrategy: normal, platform: WINDOWS, platformName: WINDOWS, proxy: Proxy(), setWindowRect: true, strictFileInteractability: false, timeouts: {implicit: 0, pageLoad: 300000, script: 30000}, unhandledPromptBehavior: dismiss and notify}
Session ID: 7b9e0506c6b2937296813ec8190fc60a">
      <![CDATA[org.openqa.selenium.NoAlertPresentException: no such alert
  (Session info: chrome=81.0.4044.138)
Build info: version: '3.141.59', revision: 'e82be7d358', time: '2018-11-14T08:17:03'
System info: host: 'DESKTOP-2518TT9', ip: '192.168.0.55', os.name: 'Windows 10', os.arch: 'amd64', os.version: '10.0', java.version: '1.8.0_241'
Driver info: org.openqa.selenium.chrome.ChromeDriver
Capabilities {acceptInsecureCerts: false, browserName: chrome, browserVersion: 81.0.4044.138, chrome: {chromedriverVersion: 80.0.3987.16 (320f6526c1632..., userDataDir: C:\Users\perei\AppData\Loca...}, goog:chromeOptions: {debuggerAddress: localhost:58705}, javascriptEnabled: true, networkConnectionEnabled: false, pageLoadStrategy: normal, platform: WINDOWS, platformName: WINDOWS, proxy: Proxy(), setWindowRect: true, strictFileInteractability: false, timeouts: {implicit: 0, pageLoad: 300000, script: 30000}, unhandledPromptBehavior: dismiss and notify}
Session ID: 7b9e0506c6b2937296813ec8190fc60a
at org.openqa.selenium.remote.http.W3CHttpResponseCodec.createException(W3CHttpResponseCodec.java:187)
at org.openqa.selenium.remote.http.W3CHttpResponseCodec.decode(W3CHttpResponseCodec.java:122)
at org.openqa.selenium.remote.http.W3CHttpResponseCodec.decode(W3CHttpResponseCodec.java:49)
at org.openqa.selenium.remote.HttpCommandExecutor.execute(HttpCommandExecutor.java:158)
at org.openqa.selenium.remote.service.DriverCommandExecutor.execute(DriverCommandExecutor.java:83)
at org.openqa.selenium.remote.RemoteWebDriver.execute(RemoteWebDriver.java:552)
at org.openqa.selenium.remote.RemoteWebDriver.execute(RemoteWebDriver.java:609)
at org.openqa.selenium.remote.RemoteWebDriver$RemoteTargetLocator.alert(RemoteWebDriver.java:932)
at Academy.ValidateNavBar.initialize(ValidateNavBar.java:30)
... Removed 28 stack frames]]>
    </failure>
  </testcase> <!-- @BeforeTest initialize -->
  <testcase name="@BeforeTest initialize" time="-1.589975903129E9" classname="Academy.ValidateTitle">
    <skipped/>
  </testcase> <!-- @BeforeTest initialize -->
  <testcase name="@AfterTest closeBrowsers" time="-1.589975903162E9" classname="Academy.HomePageChecks">
    <skipped/>
  </testcase> <!-- @AfterTest closeBrowsers -->
  <testcase name="@AfterTest closeBrowsers" time="-1.589975903163E9" classname="Academy.ValidateNavBar">
    <skipped/>
  </testcase> <!-- @AfterTest closeBrowsers -->
  <testcase name="@AfterTest closeBrowsers" time="-1.589975903163E9" classname="Academy.ValidateTitle">
    <skipped/>
  </testcase> <!-- @AfterTest closeBrowsers -->
  <testcase name="validateHomePage" time="0.0" classname="Academy.HomePageChecks">
    <skipped/>
  </testcase> <!-- validateHomePage -->
  <testcase name="validateTitle" time="0.0" classname="Academy.ValidateTitle">
    <skipped/>
  </testcase> <!-- validateTitle -->
  <testcase name="validateNavBar" time="0.0" classname="Academy.ValidateNavBar">
    <skipped/>
  </testcase> <!-- validateNavBar -->
</testsuite> <!-- Test -->
